1708623190102: GET  /api/urls
1708623190383: GET  /api/urls
1708623201729: GET  /api/urls
1708623202213: GET  /api/urls
1708623202315: GET  /favicon.ico
1708623274910: GET  /oNNrBjQ8
1708623335356: GET  /api/urls
1708775115427: GET  /api
1708775115545: GET  /api
1708775119952: GET  /
1708775120120: GET  /
1708775120144: GET  /favicon.ico
1708775127191: GET  /api/urls
1708775146250: GET  /api/api/urls
1708775146334: GET  /api/api/urls
1708775162422: GET  /api/list/urls
1708775162612: GET  /api/list/urls
1708775172496: GET  /
1708775172565: GET  /
1708775264724: GET  /
1708775264999: GET  /
1708775454663: GET  /
1708775454716: GET  /
1708775599835: GET  /
1708775599893: GET  /
1708775873613: GET  /api/list/urls
1708775873662: GET  /api/list/urls
1708775946012: GET  /api/list/urls
1708775946068: GET  /api/list/urls
1708775983214: GET  /api/list/urls
1708775983258: GET  /api/list/urls
1708776028075: GET  /api/list/urls
1708776028105: GET  /api/list/urls
1708776147810: GET  /
1708776147865: GET  /
1708776177377: GET  /
1708776177421: GET  /
1708776206175: GET  /
1708776206217: GET  /
1708776440277: GET  /
1708776440323: GET  /
1708776461001: POST  /url
1708776461034: GET  /url
1708776470195: GET  /
1708776473549: POST  /url
1708776473627: GET  /url
1708776515867: GET  /
1708776517584: POST  /url
1708776517688: GET  /url
1708776520007: GET  /
1708776520637: GET  /
1708776520712: GET  /
1708776523973: POST  /api/url
1708776524065: GET  /api/url
1708776775126: POST  /api/url
1708776775216: GET  /api/url
1708776869024: GET  /
1708776869091: GET  /
1708776874688: GET  /api/zoRhSaaJ
1708776882429: GET  /
1708776882489: GET  /
1708776896097: GET  /zoRhSaaJ
1708776896169: GET  /zoRhSaaJ
1708776898868: GET  /zoRhSaaJ
1708776898919: GET  /zoRhSaaJ
1708776926483: GET  /api/zoRhSaaJ
1708776999679: GET  /zoRhSaaJ
1708777006557: GET  /api/zoRhSaaJ
1708777023181: GET  /zoRhSaaJ
1708777027287: GET  /api/zoRhSaaJ
1708777150421: GET  /zoRhSaaJ
1708777162259: POST  /api/url
1708777162351: GET  /api/url
1708777215547: GET  /api/j9GrAlNx
1708777224573: GET  /api/url
1708777239420: GET  /
